<?xml version="1.0" encoding="UTF-8" ?>
<testsuite errors="0" failures="0" hostname="filip-ThinkPad" name="matematika.operationTest" skipped="0" tests="8" time="0.115" timestamp="2016-04-21T07:18:08">
  <properties>
[...]
</properties>
  <testcase classname="matematika.operationTest" name="testadd" time="0.005" />
  <testcase classname="matematika.operationTest" name="testmod" time="0.001" />
  <testcase classname="matematika.operationTest" name="testfakt" time="0.001" />
  <testcase classname="matematika.operationTest" name="testerr" time="0.002" />
  <testcase classname="matematika.operationTest" name="testsub" time="0.001" />
  <testcase classname="matematika.operationTest" name="testdiv" time="0.001" />
  <testcase classname="matematika.operationTest" name="testmul" time="0.002" />
  <testcase classname="matematika.operationTest" name="testpowsingle" time="0.006" />
  <system-out><![CDATA[]]></system-out>
  <system-err><![CDATA[]]></system-err>
</testsuite>
